[debug] [2021-07-26T22:56:47.548Z] ----------------------------------------------------------------------
[debug] [2021-07-26T22:56:47.550Z] Command:       /home/sindara/.nvm/versions/node/v15.5.1/bin/node /home/sindara/.nvm/versions/node/v15.5.1/bin/firebase deploy --only functions
[debug] [2021-07-26T22:56:47.551Z] CLI Version:   9.16.0
[debug] [2021-07-26T22:56:47.551Z] Platform:      linux
[debug] [2021-07-26T22:56:47.551Z] Node Version:  v15.5.1
[debug] [2021-07-26T22:56:47.589Z] Time:          Mon Jul 26 2021 23:56:47 GMT+0100 (West Africa Standard Time)
[debug] [2021-07-26T22:56:47.589Z] ----------------------------------------------------------------------
[debug] 
[debug] [2021-07-26T22:56:47.780Z] > command requires scopes: ["email","openid","https://www.googleapis.com/auth/cloudplatformprojects.readonly","https://www.googleapis.com/auth/firebase","https://www.googleapis.com/auth/cloud-platform"]
[debug] [2021-07-26T22:56:47.780Z] > authorizing via signed-in user (techbro104@gmail.com)
[debug] [2021-07-26T22:56:47.780Z] [iam] checking project tpa-dev-99999 for permissions ["cloudfunctions.functions.create","cloudfunctions.functions.delete","cloudfunctions.functions.get","cloudfunctions.functions.list","cloudfunctions.functions.update","cloudfunctions.operations.get","firebase.projects.get"]
[debug] [2021-07-26T22:56:47.800Z] > refreshing access token with scopes: ["email","https://www.googleapis.com/auth/cloud-platform","https://www.googleapis.com/auth/cloudplatformprojects.readonly","https://www.googleapis.com/auth/firebase","openid"]
[debug] [2021-07-26T22:56:47.800Z] >>> HTTP REQUEST POST https://www.googleapis.com/oauth2/v3/token  
 <request body omitted>
[debug] [2021-07-26T22:56:48.332Z] <<< HTTP RESPONSE 200 {"date":"Mon, 26 Jul 2021 22:56:48 GMT","cache-control":"no-cache, no-store, max-age=0, must-revalidate","pragma":"no-cache","expires":"Mon, 01 Jan 1990 00:00:00 GMT","content-type":"application/json; charset=utf-8","vary":"X-Origin, Referer, Origin,Accept-Encoding","server":"scaffolding on HTTPServer2","x-xss-protection":"0","x-frame-options":"SAMEORIGIN","x-content-type-options":"nosniff","alt-svc":"h3=\":443\"; ma=2592000,h3-29=\":443\"; ma=2592000,h3-T051=\":443\"; ma=2592000,h3-Q050=\":443\"; ma=2592000,h3-Q046=\":443\"; ma=2592000,h3-Q043=\":443\"; ma=2592000,quic=\":443\"; ma=2592000; v=\"46,43\"","accept-ranges":"none","transfer-encoding":"chunked"}
[debug] [2021-07-26T22:56:48.454Z] >>> HTTP REQUEST POST https://cloudresourcemanager.googleapis.com/v1/projects/tpa-dev-99999:testIamPermissions  
 {"permissions":["cloudfunctions.functions.create","cloudfunctions.functions.delete","cloudfunctions.functions.get","cloudfunctions.functions.list","cloudfunctions.functions.update","cloudfunctions.operations.get","firebase.projects.get"]}
[debug] [2021-07-26T22:56:58.471Z] [iam] error while checking permissions, command may fail: FirebaseError: Server Error. getaddrinfo EAI_AGAIN cloudresourcemanager.googleapis.com
[debug] [2021-07-26T22:56:58.473Z] >>> HTTP REQUEST POST https://iam.googleapis.com/v1/projects/tpa-dev-99999/serviceAccounts/tpa-dev-99999@appspot.gserviceaccount.com:testIamPermissions  
 {"permissions":["iam.serviceAccounts.actAs"]}
[debug] [2021-07-26T22:57:08.485Z] [functions] service account IAM check errored, deploy may fail: Server Error. getaddrinfo EAI_AGAIN iam.googleapis.com {"name":"FirebaseError","children":[],"exit":2,"message":"Server Error. getaddrinfo EAI_AGAIN iam.googleapis.com","original":{"errno":-3001,"code":"EAI_AGAIN","syscall":"getaddrinfo","hostname":"iam.googleapis.com"},"status":500}
[info] 
[info] === Deploying to 'tpa-dev-99999'...
[info] 
[info] i  deploying functions 
[info] ✔  functions: Finished running predeploy script. 
[debug] [2021-07-26T22:57:08.499Z] Validating nodejs source
[debug] [2021-07-26T22:57:20.217Z] > [functions] package.json contents: {
  "name": "functions",
  "description": "Cloud Functions for Firebase",
  "scripts": {
    "lint": "eslint .",
    "serve": "firebase emulators:start --only functions",
    "shell": "firebase functions:shell",
    "start": "npm run shell",
    "deploy": "firebase deploy --only functions",
    "logs": "firebase functions:log"
  },
  "engines": {
    "node": "14"
  },
  "main": "index.js",
  "dependencies": {
    "firebase-admin": "^9.8.0",
    "firebase-functions": "^3.14.1",
    "uuid": "^8.3.2"
  },
  "devDependencies": {
    "eslint": "^7.6.0",
    "eslint-config-google": "^0.14.0",
    "firebase-functions-test": "^0.2.0"
  },
  "private": true
}
[debug] [2021-07-26T22:57:20.218Z] Building nodejs source
[info] i  functions: ensuring required API cloudfunctions.googleapis.com is enabled... 
[info] i  functions: ensuring required API cloudbuild.googleapis.com is enabled... 
[debug] [2021-07-26T22:57:20.220Z] >>> HTTP REQUEST GET https://serviceusage.googleapis.com/v1/projects/tpa-dev-99999/services/cloudfunctions.googleapis.com  
 
[debug] [2021-07-26T22:57:20.221Z] >>> HTTP REQUEST GET https://serviceusage.googleapis.com/v1/projects/tpa-dev-99999/services/runtimeconfig.googleapis.com  
 
[debug] [2021-07-26T22:57:20.221Z] >>> HTTP REQUEST GET https://serviceusage.googleapis.com/v1/projects/tpa-dev-99999/services/cloudbuild.googleapis.com  
 
[debug] [2021-07-26T22:57:46.845Z] Error: getaddrinfo EAI_AGAIN serviceusage.googleapis.com
    at GetAddrInfoReqWrap.onlookup [as oncomplete] (node:dns:69:26)
[error] 
[error] Error: Server Error. getaddrinfo EAI_AGAIN serviceusage.googleapis.com
